Started at Mon Mar 08 04:41:48 UTC 2021
Processing first-job-test
Offering first-job-test to Project Build Discarder
Processing mysql-backup-to-s3
Offering mysql-backup-to-s3 to Project Build Discarder
Finished at Mon Mar 08 04:41:48 UTC 2021. 3ms
Started at Mon Mar 08 05:41:48 UTC 2021
Processing first-job-test
Offering first-job-test to Project Build Discarder
Processing mysql-backup-to-s3
Offering mysql-backup-to-s3 to Project Build Discarder
Finished at Mon Mar 08 05:41:48 UTC 2021. 2ms
Started at Mon Mar 08 06:41:48 UTC 2021
Processing first-job-test
Offering first-job-test to Project Build Discarder
Processing mysql-backup-to-s3
Offering mysql-backup-to-s3 to Project Build Discarder
Finished at Mon Mar 08 06:41:48 UTC 2021. 2ms
Started at Mon Mar 08 07:41:48 UTC 2021
Processing first-job-test
Offering first-job-test to Project Build Discarder
Processing mysql-backup-to-s3
Offering mysql-backup-to-s3 to Project Build Discarder
Finished at Mon Mar 08 07:41:48 UTC 2021. 2ms
Started at Mon Mar 08 08:41:48 UTC 2021
Processing first-job-test
Offering first-job-test to Project Build Discarder
Processing mysql-backup-to-s3
Offering mysql-backup-to-s3 to Project Build Discarder
Finished at Mon Mar 08 08:41:48 UTC 2021. 4ms
Started at Mon Mar 08 09:41:48 UTC 2021
Processing first-job-test
Offering first-job-test to Project Build Discarder
Processing mysql-backup-to-s3
Offering mysql-backup-to-s3 to Project Build Discarder
Finished at Mon Mar 08 09:41:48 UTC 2021. 2ms
Started at Mon Mar 08 10:41:48 UTC 2021
Processing first-job-test
Offering first-job-test to Project Build Discarder
Processing mysql-backup-to-s3
Offering mysql-backup-to-s3 to Project Build Discarder
Finished at Mon Mar 08 10:41:48 UTC 2021. 3ms
Started at Mon Mar 08 11:41:48 UTC 2021
Processing first-job-test
Offering first-job-test to Project Build Discarder
Processing mysql-backup-to-s3
Offering mysql-backup-to-s3 to Project Build Discarder
Finished at Mon Mar 08 11:41:48 UTC 2021. 10ms
Started at Mon Mar 08 12:41:48 UTC 2021
Processing first-job-test
Offering first-job-test to Project Build Discarder
Processing mysql-backup-to-s3
Offering mysql-backup-to-s3 to Project Build Discarder
Finished at Mon Mar 08 12:41:48 UTC 2021. 1ms
Started at Mon Mar 08 13:41:48 UTC 2021
Processing first-job-test
Offering first-job-test to Project Build Discarder
Processing mysql-backup-to-s3
Offering mysql-backup-to-s3 to Project Build Discarder
Finished at Mon Mar 08 13:41:48 UTC 2021. 10ms
Started at Mon Mar 08 14:41:48 UTC 2021
Processing first-job-test
Offering first-job-test to Project Build Discarder
Processing mysql-backup-to-s3
Offering mysql-backup-to-s3 to Project Build Discarder
Finished at Mon Mar 08 14:41:48 UTC 2021. 1ms
Started at Mon Mar 08 15:41:48 UTC 2021
Processing first-job-test
Offering first-job-test to Project Build Discarder
Processing mysql-backup-to-s3
Offering mysql-backup-to-s3 to Project Build Discarder
Finished at Mon Mar 08 15:41:48 UTC 2021. 2ms
