--- Copying files at Tue 02 Mar 2021 10:15:12 AM UTC
--- Copying files at Wed 03 Mar 2021 02:49:21 AM UTC
--- Copying files at Sat 06 Mar 2021 04:46:33 AM UTC
--- Copying files at Sun 07 Mar 2021 03:26:10 AM UTC
--- Copying files at Sun 07 Mar 2021 06:12:46 AM UTC
--- Copying files at Sun 07 Mar 2021 08:55:55 AM UTC
--- Copying files at Sun 07 Mar 2021 09:00:23 AM UTC
--- Copying files at Sun 07 Mar 2021 09:04:46 AM UTC
--- Copying files at Sun 07 Mar 2021 09:15:23 AM UTC
--- Copying files at Sun 07 Mar 2021 09:17:41 AM UTC
--- Copying files at Sun 07 Mar 2021 09:55:42 AM UTC
--- Copying files at Sun 07 Mar 2021 11:53:06 AM UTC
--- Copying files at Sun 07 Mar 2021 12:07:30 PM UTC
--- Copying files at Sun 07 Mar 2021 12:18:00 PM UTC
--- Copying files at Sun 07 Mar 2021 12:20:06 PM UTC
--- Copying files at Sun 07 Mar 2021 12:31:14 PM UTC
--- Copying files at Mon 08 Mar 2021 03:57:39 AM UTC
--- Copying files at Mon 08 Mar 2021 04:13:55 AM UTC
--- Copying files at Mon 08 Mar 2021 03:55:26 PM UTC
--- Copying files at Tue 09 Mar 2021 04:03:18 PM UTC
